This is pdfTeX, Version 3.14159265-2.6-1.40.19 (TeX Live 2018) (preloaded format=pdflatex 2018.8.6)  8 JAN 2019 00:25
entering extended mode
 restricted \write18 enabled.
 file:line:error style messages enabled.
 %&-line parsing enabled.
**LookOneChapter.tex
(./LookOneChapter.tex
LaTeX2e <2018-04-01> patch level 2
Babel <3.18> and hyphenation patterns for 84 language(s) loaded.
(./Thesis.cls
Document Class: Thesis 2007/22/02 v1.0 LaTeX document class
(/usr/local/texlive/2018/texmf-dist/tex/latex/base/book.cls
Document Class: book 2014/09/29 v1.4h Standard LaTeX document class
(/usr/local/texlive/2018/texmf-dist/tex/latex/base/bk11.clo
File: bk11.clo 2014/09/29 v1.4h Standard LaTeX file (size option)
)
\c@part=\count80
\c@chapter=\count81
\c@section=\count82
\c@subsection=\count83
\c@subsubsection=\count84
\c@paragraph=\count85
\c@subparagraph=\count86
\c@figure=\count87
\c@table=\count88
\abovecaptionskip=\skip41
\belowcaptionskip=\skip42
\bibindent=\dimen102
)
(/usr/local/texlive/2018/texmf-dist/tex/latex/setspace/setspace.sty
Package: setspace 2011/12/19 v6.7a set line spacing
)
(/usr/local/texlive/2018/texmf-dist/tex/latex/vmargin/vmargin.sty
Package: vmargin 2004/07/15 V2.5 set document margins (VK)

Package: vmargin 2004/07/15 V2.5 set document margins (VK)
\PaperWidth=\dimen103
\PaperHeight=\dimen104
) (/usr/local/texlive/2018/texmf-dist/tex/latex/fancyhdr/fancyhdr.sty
Package: fancyhdr 2017/06/30 v3.9a Extensive control of page headers and footer
s
\f@nch@headwidth=\skip43
\f@nch@O@elh=\skip44
\f@nch@O@erh=\skip45
\f@nch@O@olh=\skip46
\f@nch@O@orh=\skip47
\f@nch@O@elf=\skip48
\f@nch@O@erf=\skip49
\f@nch@O@olf=\skip50
\f@nch@O@orf=\skip51
)
(/usr/local/texlive/2018/texmf-dist/tex/latex/amsmath/amsmath.sty
Package: amsmath 2017/09/02 v2.17a AMS math features
\@mathmargin=\skip52

For additional information on amsmath, use the `?' option.
(/usr/local/texlive/2018/texmf-dist/tex/latex/amsmath/amstext.sty
Package: amstext 2000/06/29 v2.01 AMS text

(/usr/local/texlive/2018/texmf-dist/tex/latex/amsmath/amsgen.sty
File: amsgen.sty 1999/11/30 v2.0 generic functions
\@emptytoks=\toks14
\ex@=\dimen105
))
(/usr/local/texlive/2018/texmf-dist/tex/latex/amsmath/amsbsy.sty
Package: amsbsy 1999/11/29 v1.2d Bold Symbols
\pmbraise@=\dimen106
)
(/usr/local/texlive/2018/texmf-dist/tex/latex/amsmath/amsopn.sty
Package: amsopn 2016/03/08 v2.02 operator names
)
\inf@bad=\count89
LaTeX Info: Redefining \frac on input line 213.
\uproot@=\count90
\leftroot@=\count91
LaTeX Info: Redefining \overline on input line 375.
\classnum@=\count92
\DOTSCASE@=\count93
LaTeX Info: Redefining \ldots on input line 472.
LaTeX Info: Redefining \dots on input line 475.
LaTeX Info: Redefining \cdots on input line 596.
\Mathstrutbox@=\box26
\strutbox@=\box27
\big@size=\dimen107
LaTeX Font Info:    Redeclaring font encoding OML on input line 712.
LaTeX Font Info:    Redeclaring font encoding OMS on input line 713.
\macc@depth=\count94
\c@MaxMatrixCols=\count95
\dotsspace@=\muskip10
\c@parentequation=\count96
\dspbrk@lvl=\count97
\tag@help=\toks15
\row@=\count98
\column@=\count99
\maxfields@=\count100
\andhelp@=\toks16
\eqnshift@=\dimen108
\alignsep@=\dimen109
\tagshift@=\dimen110
\tagwidth@=\dimen111
\totwidth@=\dimen112
\lineht@=\dimen113
\@envbody=\toks17
\multlinegap=\skip53
\multlinetaggap=\skip54
\mathdisplay@stack=\toks18
LaTeX Info: Redefining \[ on input line 2817.
LaTeX Info: Redefining \] on input line 2818.
)
(/usr/local/texlive/2018/texmf-dist/tex/latex/amsfonts/amsfonts.sty
Package: amsfonts 2013/01/14 v3.01 Basic AMSFonts support
\symAMSa=\mathgroup4
\symAMSb=\mathgroup5
LaTeX Font Info:    Overwriting math alphabet `\mathfrak' in version `bold'
(Font)                  U/euf/m/n --> U/euf/b/n on input line 106.
)
(/usr/local/texlive/2018/texmf-dist/tex/latex/amsfonts/amssymb.sty
Package: amssymb 2013/01/14 v3.01 AMS font symbols
)
(/usr/local/texlive/2018/texmf-dist/tex/latex/amsmath/amscd.sty
Package: amscd 2017/04/14 v2.1 AMS Commutative Diagrams
\athelp@=\toks19
\minaw@=\dimen114
\bigaw@=\dimen115
\minCDarrowwidth=\dimen116
)
(/usr/local/texlive/2018/texmf-dist/tex/latex/amscls/amsthm.sty
Package: amsthm 2017/10/31 v2.20.4
\thm@style=\toks20
\thm@bodyfont=\toks21
\thm@headfont=\toks22
\thm@notefont=\toks23
\thm@headpunct=\toks24
\thm@preskip=\skip55
\thm@postskip=\skip56
\thm@headsep=\skip57
\dth@everypar=\toks25
)
(/usr/local/texlive/2018/texmf-dist/tex/latex/tools/xspace.sty
Package: xspace 2014/10/28 v1.13 Space after command names (DPC,MH)
)
\c@example=\count101
\c@theorem=\count102

(/usr/local/texlive/2018/texmf-dist/tex/latex/caption/caption.sty
Package: caption 2016/02/21 v3.3-144 Customizing captions (AR)

(/usr/local/texlive/2018/texmf-dist/tex/latex/caption/caption3.sty
Package: caption3 2016/05/22 v1.7-166 caption3 kernel (AR)
Package caption3 Info: TeX engine: e-TeX on input line 67.

(/usr/local/texlive/2018/texmf-dist/tex/latex/graphics/keyval.sty
Package: keyval 2014/10/28 v1.15 key=value parser (DPC)
\KV@toks@=\toks26
)
\captionmargin=\dimen117
\captionmargin@=\dimen118
\captionwidth=\dimen119
\caption@tempdima=\dimen120
\caption@indent=\dimen121
\caption@parindent=\dimen122
\caption@hangindent=\dimen123
)
\c@ContinuedFloat=\count103
)
(/usr/local/texlive/2018/texmf-dist/tex/latex/graphics/graphicx.sty
Package: graphicx 2017/06/01 v1.1a Enhanced LaTeX Graphics (DPC,SPQR)

(/usr/local/texlive/2018/texmf-dist/tex/latex/graphics/graphics.sty
Package: graphics 2017/06/25 v1.2c Standard LaTeX Graphics (DPC,SPQR)

(/usr/local/texlive/2018/texmf-dist/tex/latex/graphics/trig.sty
Package: trig 2016/01/03 v1.10 sin cos tan (DPC)
)
(/usr/local/texlive/2018/texmf-dist/tex/latex/graphics-cfg/graphics.cfg
File: graphics.cfg 2016/06/04 v1.11 sample graphics configuration
)
Package graphics Info: Driver file: pdftex.def on input line 99.

(/usr/local/texlive/2018/texmf-dist/tex/latex/graphics-def/pdftex.def
File: pdftex.def 2018/01/08 v1.0l Graphics/color driver for pdftex
))
\Gin@req@height=\dimen124
\Gin@req@width=\dimen125
)
(/usr/local/texlive/2018/texmf-dist/tex/latex/oberdiek/epstopdf.sty
Package: epstopdf 2016/05/15 v2.6 Conversion with epstopdf on the fly (HO)

(/usr/local/texlive/2018/texmf-dist/tex/latex/oberdiek/epstopdf-base.sty
Package: epstopdf-base 2016/05/15 v2.6 Base part for package epstopdf

(/usr/local/texlive/2018/texmf-dist/tex/generic/oberdiek/infwarerr.sty
Package: infwarerr 2016/05/16 v1.4 Providing info/warning/error messages (HO)
)
(/usr/local/texlive/2018/texmf-dist/tex/latex/oberdiek/grfext.sty
Package: grfext 2016/05/16 v1.2 Manage graphics extensions (HO)

(/usr/local/texlive/2018/texmf-dist/tex/generic/oberdiek/kvdefinekeys.sty
Package: kvdefinekeys 2016/05/16 v1.4 Define keys (HO)

(/usr/local/texlive/2018/texmf-dist/tex/generic/oberdiek/ltxcmds.sty
Package: ltxcmds 2016/05/16 v1.23 LaTeX kernel commands for general use (HO)
)))
(/usr/local/texlive/2018/texmf-dist/tex/latex/oberdiek/kvoptions.sty
Package: kvoptions 2016/05/16 v3.12 Key value format for package options (HO)

(/usr/local/texlive/2018/texmf-dist/tex/generic/oberdiek/kvsetkeys.sty
Package: kvsetkeys 2016/05/16 v1.17 Key value parser (HO)

(/usr/local/texlive/2018/texmf-dist/tex/generic/oberdiek/etexcmds.sty
Package: etexcmds 2016/05/16 v1.6 Avoid name clashes with e-TeX commands (HO)

(/usr/local/texlive/2018/texmf-dist/tex/generic/oberdiek/ifluatex.sty
Package: ifluatex 2016/05/16 v1.4 Provides the ifluatex switch (HO)
Package ifluatex Info: LuaTeX not detected.
)
Package etexcmds Info: Could not find \expanded.
(etexcmds)             That can mean that you are not using pdfTeX 1.50 or
(etexcmds)             that some package has redefined \expanded.
(etexcmds)             In the latter case, load this package earlier.
)))
(/usr/local/texlive/2018/texmf-dist/tex/generic/oberdiek/pdftexcmds.sty
Package: pdftexcmds 2018/01/30 v0.27 Utility functions of pdfTeX for LuaTeX (HO
)

(/usr/local/texlive/2018/texmf-dist/tex/generic/oberdiek/ifpdf.sty
Package: ifpdf 2017/03/15 v3.2 Provides the ifpdf switch
)
Package pdftexcmds Info: LuaTeX not detected.
Package pdftexcmds Info: \pdf@primitive is available.
Package pdftexcmds Info: \pdf@ifprimitive is available.
Package pdftexcmds Info: \pdfdraftmode found.
)
Package epstopdf-base Info: Redefining graphics rule for `.eps' on input line 4
38.
Package grfext Info: Graphics extension search list:
(grfext)             [.pdf,.png,.jpg,.mps,.jpeg,.jbig2,.jb2,.PDF,.PNG,.JPG,.JPE
G,.JBIG2,.JB2,.eps]
(grfext)             \AppendGraphicsExtensions on input line 456.

(/usr/local/texlive/2018/texmf-dist/tex/latex/latexconfig/epstopdf-sys.cfg
File: epstopdf-sys.cfg 2010/07/13 v1.3 Configuration of (r)epstopdf for TeX Liv
e
)))
(/usr/local/texlive/2018/texmf-dist/tex/latex/booktabs/booktabs.sty
Package: booktabs 2016/04/27 v1.618033 publication quality tables
\heavyrulewidth=\dimen126
\lightrulewidth=\dimen127
\cmidrulewidth=\dimen128
\belowrulesep=\dimen129
\belowbottomsep=\dimen130
\aboverulesep=\dimen131
\abovetopsep=\dimen132
\cmidrulesep=\dimen133
\cmidrulekern=\dimen134
\defaultaddspace=\dimen135
\@cmidla=\count104
\@cmidlb=\count105
\@aboverulesep=\dimen136
\@belowrulesep=\dimen137
\@thisruleclass=\count106
\@lastruleclass=\count107
\@thisrulewidth=\dimen138
)
(/usr/local/texlive/2018/texmf-dist/tex/latex/graphics/rotating.sty
Package: rotating 2016/08/11 v2.16d rotated objects in LaTeX

(/usr/local/texlive/2018/texmf-dist/tex/latex/base/ifthen.sty
Package: ifthen 2014/09/29 v1.1c Standard LaTeX ifthen package (DPC)
)
\c@r@tfl@t=\count108
\rotFPtop=\skip58
\rotFPbot=\skip59
\rot@float@box=\box28
\rot@mess@toks=\toks27
)
(/usr/local/texlive/2018/texmf-dist/tex/latex/listings/listings.sty
\lst@mode=\count109
\lst@gtempboxa=\box29
\lst@token=\toks28
\lst@length=\count110
\lst@currlwidth=\dimen139
\lst@column=\count111
\lst@pos=\count112
\lst@lostspace=\dimen140
\lst@width=\dimen141
\lst@newlines=\count113
\lst@lineno=\count114
\lst@maxwidth=\dimen142

(./lstpatch.sty)
(/usr/local/texlive/2018/texmf-dist/tex/latex/listings/lstmisc.sty
File: lstmisc.sty 2015/06/04 1.6 (Carsten Heinz)
\c@lstnumber=\count115
\lst@skipnumbers=\count116
\lst@framebox=\box30
)
(/usr/local/texlive/2018/texmf-dist/tex/latex/listings/listings.cfg
File: listings.cfg 2015/06/04 1.6 listings configuration
))
Package: listings 2015/06/04 1.6 (Carsten Heinz)

(./lstpatch.sty)
(/usr/local/texlive/2018/texmf-dist/tex/latex/hyperref/hyperref.sty
Package: hyperref 2018/02/06 v6.86b Hypertext links for LaTeX

(/usr/local/texlive/2018/texmf-dist/tex/generic/oberdiek/hobsub-hyperref.sty
Package: hobsub-hyperref 2016/05/16 v1.14 Bundle oberdiek, subset hyperref (HO)


(/usr/local/texlive/2018/texmf-dist/tex/generic/oberdiek/hobsub-generic.sty
Package: hobsub-generic 2016/05/16 v1.14 Bundle oberdiek, subset generic (HO)
Package: hobsub 2016/05/16 v1.14 Construct package bundles (HO)
Package hobsub Info: Skipping package `infwarerr' (already loaded).
Package hobsub Info: Skipping package `ltxcmds' (already loaded).
Package hobsub Info: Skipping package `ifluatex' (already loaded).
Package: ifvtex 2016/05/16 v1.6 Detect VTeX and its facilities (HO)
Package ifvtex Info: VTeX not detected.
Package: intcalc 2016/05/16 v1.2 Expandable calculations with integers (HO)
Package hobsub Info: Skipping package `ifpdf' (already loaded).
Package hobsub Info: Skipping package `etexcmds' (already loaded).
Package hobsub Info: Skipping package `kvsetkeys' (already loaded).
Package hobsub Info: Skipping package `kvdefinekeys' (already loaded).
Package hobsub Info: Skipping package `pdftexcmds' (already loaded).
Package: pdfescape 2016/05/16 v1.14 Implements pdfTeX's escape features (HO)
Package: bigintcalc 2016/05/16 v1.4 Expandable calculations on big integers (HO
)
Package: bitset 2016/05/16 v1.2 Handle bit-vector datatype (HO)
Package: uniquecounter 2016/05/16 v1.3 Provide unlimited unique counter (HO)
)
Package hobsub Info: Skipping package `hobsub' (already loaded).
Package: letltxmacro 2016/05/16 v1.5 Let assignment for LaTeX macros (HO)
Package: hopatch 2016/05/16 v1.3 Wrapper for package hooks (HO)
Package: xcolor-patch 2016/05/16 xcolor patch
Package: atveryend 2016/05/16 v1.9 Hooks at the very end of document (HO)
Package atveryend Info: \enddocument detected (standard20110627).
Package: atbegshi 2016/06/09 v1.18 At begin shipout hook (HO)
Package: refcount 2016/05/16 v3.5 Data extraction from label references (HO)
Package: hycolor 2016/05/16 v1.8 Color options for hyperref/bookmark (HO)
)
(/usr/local/texlive/2018/texmf-dist/tex/generic/ifxetex/ifxetex.sty
Package: ifxetex 2010/09/12 v0.6 Provides ifxetex conditional
)
(/usr/local/texlive/2018/texmf-dist/tex/latex/oberdiek/auxhook.sty
Package: auxhook 2016/05/16 v1.4 Hooks for auxiliary files (HO)
)
\@linkdim=\dimen143
\Hy@linkcounter=\count117
\Hy@pagecounter=\count118

(/usr/local/texlive/2018/texmf-dist/tex/latex/hyperref/pd1enc.def
File: pd1enc.def 2018/02/06 v6.86b Hyperref: PDFDocEncoding definition (HO)
Now handling font encoding PD1 ...
... no UTF-8 mapping file for font encoding PD1
)
\Hy@SavedSpaceFactor=\count119

(/usr/local/texlive/2018/texmf-dist/tex/latex/latexconfig/hyperref.cfg
File: hyperref.cfg 2002/06/06 v1.2 hyperref configuration of TeXLive
)
Package hyperref Info: Option `bookmarks' set `true' on input line 4383.
Package hyperref Info: Option `bookmarksopen' set `true' on input line 4383.
Package hyperref Info: Option `bookmarksnumbered' set `true' on input line 4383
.
Package hyperref Info: Option `hypertexnames' set `false' on input line 4383.
Package hyperref Info: Option `colorlinks' set `true' on input line 4383.
Package hyperref Info: Option `unicode' set `true' on input line 4383.

(/usr/local/texlive/2018/texmf-dist/tex/latex/hyperref/puenc.def
File: puenc.def 2018/02/06 v6.86b Hyperref: PDF Unicode definition (HO)
Now handling font encoding PU ...
... no UTF-8 mapping file for font encoding PU
)
Package hyperref Info: Option `breaklinks' set `true' on input line 4383.
Package hyperref Info: Hyper figures OFF on input line 4509.
Package hyperref Info: Link nesting OFF on input line 4514.
Package hyperref Info: Hyper index ON on input line 4517.
Package hyperref Info: Plain pages OFF on input line 4524.
Package hyperref Info: Backreferencing OFF on input line 4529.
Package hyperref Info: Implicit mode ON; LaTeX internals redefined.
Package hyperref Info: Bookmarks ON on input line 4762.
\c@Hy@tempcnt=\count120

(/usr/local/texlive/2018/texmf-dist/tex/latex/url/url.sty
\Urlmuskip=\muskip11
Package: url 2013/09/16  ver 3.4  Verb mode for urls, etc.
)
LaTeX Info: Redefining \url on input line 5115.
\XeTeXLinkMargin=\dimen144
\Fld@menulength=\count121
\Field@Width=\dimen145
\Fld@charsize=\dimen146
Package hyperref Info: Hyper figures OFF on input line 6369.
Package hyperref Info: Link nesting OFF on input line 6374.
Package hyperref Info: Hyper index ON on input line 6377.
Package hyperref Info: backreferencing OFF on input line 6384.
Package hyperref Info: Link coloring ON on input line 6387.
Package hyperref Info: Link coloring with OCG OFF on input line 6394.
Package hyperref Info: PDF/A mode OFF on input line 6399.
LaTeX Info: Redefining \ref on input line 6439.
LaTeX Info: Redefining \pageref on input line 6443.
\Hy@abspage=\count122
\c@Item=\count123
\c@Hfootnote=\count124
)
Package hyperref Info: Driver (autodetected): hpdftex.

(/usr/local/texlive/2018/texmf-dist/tex/latex/hyperref/hpdftex.def
File: hpdftex.def 2018/02/06 v6.86b Hyperref driver for pdfTeX
\Fld@listcount=\count125
\c@bookmark@seq@number=\count126

(/usr/local/texlive/2018/texmf-dist/tex/latex/oberdiek/rerunfilecheck.sty
Package: rerunfilecheck 2016/05/16 v1.8 Rerun checks for auxiliary files (HO)
Package uniquecounter Info: New unique counter `rerunfilecheck' on input line 2
82.
)
\Hy@SectionHShift=\skip60
)
\c@dummy=\count127

(/usr/local/texlive/2018/texmf-dist/tex/latex/tools/longtable.sty
Package: longtable 2014/10/28 v4.11 Multi-page Table package (DPC)
\LTleft=\skip61
\LTright=\skip62
\LTpre=\skip63
\LTpost=\skip64
\LTchunksize=\count128
\LTcapwidth=\dimen147
\LT@head=\box31
\LT@firsthead=\box32
\LT@foot=\box33
\LT@lastfoot=\box34
\LT@cols=\count129
\LT@rows=\count130
\c@LT@tables=\count131
\c@LT@chunks=\count132
\LT@p@ftn=\toks29
))
(./Settings/Packages.tex
(/usr/local/texlive/2018/texmf-dist/tex/latex/base/inputenc.sty
Package: inputenc 2018/04/06 v1.3b Input encoding file
\inpenc@prehook=\toks30
\inpenc@posthook=\toks31
)
(/usr/local/texlive/2018/texmf-dist/tex/latex/caption/subcaption.sty
Package: subcaption 2016/05/22 v1.1-161 Sub-captions (AR)
\c@subfigure=\count133
\c@subtable=\count134
)
(/usr/local/texlive/2018/texmf-dist/tex/latex/natbib/natbib.sty
Package: natbib 2010/09/13 8.31b (PWD, AO)
\bibhang=\skip65
\bibsep=\skip66
LaTeX Info: Redefining \cite on input line 694.
\c@NAT@ctr=\count135
)
(/usr/local/texlive/2018/texmf-dist/tex/latex/tools/verbatim.sty
Package: verbatim 2014/10/28 v1.5q LaTeX2e package for verbatim enhancements
\every@verbatim=\toks32
\verbatim@line=\toks33
\verbatim@in@stream=\read1
))
(./Settings/Administrative.tex) (./LookOneChapter.aux

LaTeX Warning: Label `fig:DEF_A30X-5C_3D' multiply defined.


LaTeX Warning: Label `fig:DEF_A30X-1C_3D' multiply defined.


LaTeX Warning: Label `fig:A15_model' multiply defined.


LaTeX Warning: Label `sub@fig:A15_model' multiply defined.


LaTeX Warning: Label `fig:ASRvsDEF_3D' multiply defined.

)
\openout1 = `LookOneChapter.aux'.

LaTeX Font Info:    Checking defaults for OML/cmm/m/it on input line 11.
LaTeX Font Info:    ... okay on input line 11.
LaTeX Font Info:    Checking defaults for T1/cmr/m/n on input line 11.
LaTeX Font Info:    ... okay on input line 11.
LaTeX Font Info:    Checking defaults for OT1/cmr/m/n on input line 11.
LaTeX Font Info:    ... okay on input line 11.
LaTeX Font Info:    Checking defaults for OMS/cmsy/m/n on input line 11.
LaTeX Font Info:    ... okay on input line 11.
LaTeX Font Info:    Checking defaults for OMX/cmex/m/n on input line 11.
LaTeX Font Info:    ... okay on input line 11.
LaTeX Font Info:    Checking defaults for U/cmr/m/n on input line 11.
LaTeX Font Info:    ... okay on input line 11.
LaTeX Font Info:    Checking defaults for PD1/pdf/m/n on input line 11.
LaTeX Font Info:    ... okay on input line 11.
LaTeX Font Info:    Checking defaults for PU/pdf/m/n on input line 11.
LaTeX Font Info:    ... okay on input line 11.
Package caption Info: Begin \AtBeginDocument code.
Package caption Info: hyperref package is loaded.
Package caption Info: listings package is loaded.
Package caption Info: longtable package is loaded.
 (/usr/local/texlive/2018/texmf-dist/tex/latex/caption/ltcaption.sty
Package: ltcaption 2013/06/09 v1.4-94 longtable captions (AR)
)
Package caption Info: rotating package is loaded.
Package caption Info: End \AtBeginDocument code.

(/usr/local/texlive/2018/texmf-dist/tex/context/base/mkii/supp-pdf.mkii
[Loading MPS to PDF converter (version 2006.09.02).]
\scratchcounter=\count136
\scratchdimen=\dimen148
\scratchbox=\box35
\nofMPsegments=\count137
\nofMParguments=\count138
\everyMPshowfont=\toks34
\MPscratchCnt=\count139
\MPscratchDim=\dimen149
\MPnumerator=\count140
\makeMPintoPDFobject=\count141
\everyMPtoPDFconversion=\toks35
)
\c@lstlisting=\count142
\AtBeginShipoutBox=\box36
 (/usr/local/texlive/2018/texmf-dist/tex/latex/graphics/color.sty
Package: color 2016/07/10 v1.1e Standard LaTeX Color (DPC)

(/usr/local/texlive/2018/texmf-dist/tex/latex/graphics-cfg/color.cfg
File: color.cfg 2016/01/02 v1.6 sample color configuration
)
Package color Info: Driver file: pdftex.def on input line 147.
)
Package hyperref Info: Link coloring ON on input line 11.

(/usr/local/texlive/2018/texmf-dist/tex/latex/hyperref/nameref.sty
Package: nameref 2016/05/21 v2.44 Cross-referencing by name of section

(/usr/local/texlive/2018/texmf-dist/tex/generic/oberdiek/gettitlestring.sty
Package: gettitlestring 2016/05/16 v1.5 Cleanup title references (HO)
)
\c@section@level=\count143
)
LaTeX Info: Redefining \ref on input line 11.
LaTeX Info: Redefining \pageref on input line 11.
LaTeX Info: Redefining \nameref on input line 11.

(./LookOneChapter.out) (./LookOneChapter.out)
\@outlinefile=\write3
\openout3 = `LookOneChapter.out'.

 (./Frontpages/Fixed/Title.tex
------------------------------------------------------------------------------
 Title Page
------------------------------------------------------------------------------
LaTeX Font Info:    Try loading font information for U+msa on input line 13.
(/usr/local/texlive/2018/texmf-dist/tex/latex/amsfonts/umsa.fd
File: umsa.fd 2013/01/14 v3.01 AMS symbols A
)
LaTeX Font Info:    Try loading font information for U+msb on input line 13.

(/usr/local/texlive/2018/texmf-dist/tex/latex/amsfonts/umsb.fd
File: umsb.fd 2013/01/14 v3.01 AMS symbols B
) [1




{/usr/local/texlive/2018/texmf-var/fonts/map/pdftex/updmap/pdftex.map}])
(./Chapters/Chapter3_DEF_4.tex
<Files/DEF_X/X0_3ds.png, id=34, 405.31425pt x 228.855pt>
File: Files/DEF_X/X0_3ds.png Graphic file (type png)
<use Files/DEF_X/X0_3ds.png>
Package pdftex.def Info: Files/DEF_X/X0_3ds.png  used on input line 13.
(pdftex.def)             Requested size: 110.21391pt x 62.22816pt.

Underfull \hbox (badness 6188) in paragraph at lines 14--14
 []\OT1/cmr/m/sc/10 (a) |\OT1/cmr/m/n/10 In-ten-si-fied 50x50x50mm 
 []

<Files/DEF_X/X-5_3ds.png, id=35, 335.45325pt x 177.0615pt>
File: Files/DEF_X/X-5_3ds.png Graphic file (type png)
<use Files/DEF_X/X-5_3ds.png>
Package pdftex.def Info: Files/DEF_X/X-5_3ds.png  used on input line 19.
(pdftex.def)             Requested size: 110.21391pt x 58.1738pt.

Underfull \hbox (badness 6658) in paragraph at lines 20--20
 []\OT1/cmr/m/sc/10 (b) |\OT1/cmr/m/n/10 In-ten-si-fied 75x75x75mm 
 []

<Files/DEF_X/X-1_3ds.png, id=36, 479.99326pt x 225.2415pt>
File: Files/DEF_X/X-1_3ds.png Graphic file (type png)
<use Files/DEF_X/X-1_3ds.png>
Package pdftex.def Info: Files/DEF_X/X-1_3ds.png  used on input line 25.
(pdftex.def)             Requested size: 123.98933pt x 58.18333pt.

Underfull \hbox (badness 10000) in paragraph at lines 41--41
[]\OT1/cmr/m/n/10.95 Initial
 []


Underfull \hbox (badness 10000) in paragraph at lines 41--41
\OT1/cmr/m/n/10.95 Strain
 []


Underfull \hbox (badness 10000) in paragraph at lines 41--41
[]\OT1/cmr/m/n/10.95 Expanding
 []


Underfull \hbox (badness 10000) in paragraph at lines 41--41
[]\OT1/cmr/m/n/10.95 Final
 []


Overfull \hbox (8.09502pt too wide) in paragraph at lines 41--41
\OT1/cmr/m/n/10.95 Expansion[%]|| 
 []

<Files/exp_plot/DEFA30X0vsX-5_exp.png, id=37, 433.62pt x 289.08pt>
File: Files/exp_plot/DEFA30X0vsX-5_exp.png Graphic file (type png)
<use Files/exp_plot/DEFA30X0vsX-5_exp.png>
Package pdftex.def Info: Files/exp_plot/DEFA30X0vsX-5_exp.png  used on input li
ne 56.
(pdftex.def)             Requested size: 333.97972pt x 222.66286pt.
<Files/exp_3D/ASR/A30Undamaged.png, id=39, 585.97298pt x 439.47974pt>
File: Files/exp_3D/ASR/A30Undamaged.png Graphic file (type png)
<use Files/exp_3D/ASR/A30Undamaged.png>
Package pdftex.def Info: Files/exp_3D/ASR/A30Undamaged.png  used on input line 
68.
(pdftex.def)             Requested size: 166.98985pt x 125.23961pt.
<Files/exp_3D/DEF/A30X-5C_1_3d.png, id=40, 585.97298pt x 439.47974pt>
File: Files/exp_3D/DEF/A30X-5C_1_3d.png Graphic file (type png)
<use Files/exp_3D/DEF/A30X-5C_1_3d.png>
Package pdftex.def Info: Files/exp_3D/DEF/A30X-5C_1_3d.png  used on input line 
74.
(pdftex.def)             Requested size: 166.98985pt x 125.23961pt.
<Files/exp_3D/DEF/A30X-5C_2_3d.png, id=41, 585.97298pt x 439.47974pt>
File: Files/exp_3D/DEF/A30X-5C_2_3d.png Graphic file (type png)
<use Files/exp_3D/DEF/A30X-5C_2_3d.png>
Package pdftex.def Info: Files/exp_3D/DEF/A30X-5C_2_3d.png  used on input line 
80.
(pdftex.def)             Requested size: 166.98985pt x 125.23961pt.
<Files/exp_3D/DEF/A30X-5C_3_3d.png, id=42, 585.97298pt x 439.47974pt>
File: Files/exp_3D/DEF/A30X-5C_3_3d.png Graphic file (type png)
<use Files/exp_3D/DEF/A30X-5C_3_3d.png>
Package pdftex.def Info: Files/exp_3D/DEF/A30X-5C_3_3d.png  used on input line 
86.
(pdftex.def)             Requested size: 166.98985pt x 125.23961pt.
<Files/exp_3D/DEF/A30X-5C_4_3d.png, id=43, 585.97298pt x 439.47974pt>
File: Files/exp_3D/DEF/A30X-5C_4_3d.png Graphic file (type png)
<use Files/exp_3D/DEF/A30X-5C_4_3d.png>
Package pdftex.def Info: Files/exp_3D/DEF/A30X-5C_4_3d.png  used on input line 
92.
(pdftex.def)             Requested size: 166.98985pt x 125.23961pt.

LaTeX Warning: `!h' float specifier changed to `!ht'.

<Files/exp_3D/DEF/A30X-5C_1_3ds.png, id=44, 585.97298pt x 439.47974pt>
File: Files/exp_3D/DEF/A30X-5C_1_3ds.png Graphic file (type png)
<use Files/exp_3D/DEF/A30X-5C_1_3ds.png>
Package pdftex.def Info: Files/exp_3D/DEF/A30X-5C_1_3ds.png  used on input line
 108.
(pdftex.def)             Requested size: 166.98985pt x 125.23961pt.
File: Files/exp_3D/DEF/A30X-5C_1_3ds.png Graphic file (type png)
<use Files/exp_3D/DEF/A30X-5C_1_3ds.png>
Package pdftex.def Info: Files/exp_3D/DEF/A30X-5C_1_3ds.png  used on input line
 114.
(pdftex.def)             Requested size: 166.98985pt x 125.23961pt.
<Files/exp_3D/DEF/A30X-5C_2_3ds.png, id=45, 585.97298pt x 439.47974pt>
File: Files/exp_3D/DEF/A30X-5C_2_3ds.png Graphic file (type png)
<use Files/exp_3D/DEF/A30X-5C_2_3ds.png>
Package pdftex.def Info: Files/exp_3D/DEF/A30X-5C_2_3ds.png  used on input line
 120.
(pdftex.def)             Requested size: 166.98985pt x 125.23961pt.
<Files/exp_3D/DEF/A30X-5C_3_3ds.png, id=46, 585.97298pt x 439.47974pt>
File: Files/exp_3D/DEF/A30X-5C_3_3ds.png Graphic file (type png)
<use Files/exp_3D/DEF/A30X-5C_3_3ds.png>
Package pdftex.def Info: Files/exp_3D/DEF/A30X-5C_3_3ds.png  used on input line
 126.
(pdftex.def)             Requested size: 166.98985pt x 125.23961pt.
<Files/exp_3D/DEF/A30X-5C_4_3ds.png, id=47, 585.97298pt x 439.47974pt>
File: Files/exp_3D/DEF/A30X-5C_4_3ds.png Graphic file (type png)
<use Files/exp_3D/DEF/A30X-5C_4_3ds.png>
Package pdftex.def Info: Files/exp_3D/DEF/A30X-5C_4_3ds.png  used on input line
 132.
(pdftex.def)             Requested size: 166.98985pt x 125.23961pt.

LaTeX Warning: `!h' float specifier changed to `!ht'.

<Files/Aggregate/A30.png, id=48, 94.9146pt x 95.8782pt>
File: Files/Aggregate/A30.png Graphic file (type png)
<use Files/Aggregate/A30.png>
Package pdftex.def Info: Files/Aggregate/A30.png  used on input line 147.
(pdftex.def)             Requested size: 125.24318pt x 126.51424pt.
<Files/exp_3D/DEF/A30X-5C_1_c.png, id=49, 602.25pt x 451.6875pt>
File: Files/exp_3D/DEF/A30X-5C_1_c.png Graphic file (type png)
<use Files/exp_3D/DEF/A30X-5C_1_c.png>
Package pdftex.def Info: Files/exp_3D/DEF/A30X-5C_1_c.png  used on input line 1
53.
(pdftex.def)             Requested size: 166.98985pt x 125.24483pt.
<Files/exp_3D/DEF/A30X-5C_2_c.png, id=50, 602.25pt x 451.6875pt>
File: Files/exp_3D/DEF/A30X-5C_2_c.png Graphic file (type png)
<use Files/exp_3D/DEF/A30X-5C_2_c.png>
Package pdftex.def Info: Files/exp_3D/DEF/A30X-5C_2_c.png  used on input line 1
59.
(pdftex.def)             Requested size: 166.98985pt x 125.24483pt.
<Files/exp_3D/DEF/A30X-5C_3_c.png, id=51, 602.25pt x 451.6875pt>
File: Files/exp_3D/DEF/A30X-5C_3_c.png Graphic file (type png)
<use Files/exp_3D/DEF/A30X-5C_3_c.png>
Package pdftex.def Info: Files/exp_3D/DEF/A30X-5C_3_c.png  used on input line 1
65.
(pdftex.def)             Requested size: 166.98985pt x 125.24483pt.
<Files/exp_3D/DEF/A30X-5C_4_c.png, id=52, 602.25pt x 451.6875pt>
File: Files/exp_3D/DEF/A30X-5C_4_c.png Graphic file (type png)
<use Files/exp_3D/DEF/A30X-5C_4_c.png>
Package pdftex.def Info: Files/exp_3D/DEF/A30X-5C_4_c.png  used on input line 1
71.
(pdftex.def)             Requested size: 166.98985pt x 125.24483pt.

LaTeX Warning: `!h' float specifier changed to `!ht'.


Underfull \hbox (badness 10000) in paragraph at lines 185--185
[]\OT1/cmr/m/n/10.95 Initial
 []


Underfull \hbox (badness 10000) in paragraph at lines 185--185
\OT1/cmr/m/n/10.95 Strain
 []


Underfull \hbox (badness 10000) in paragraph at lines 185--185
[]\OT1/cmr/m/n/10.95 Expanding
 []


Underfull \hbox (badness 10000) in paragraph at lines 185--185
[]\OT1/cmr/m/n/10.95 Final
 []


Overfull \hbox (8.09502pt too wide) in paragraph at lines 185--185
\OT1/cmr/m/n/10.95 Expansion[%]|| 
 []

<Files/exp_plot/DEFA30X0vsX-1_exp.png, id=53, 433.62pt x 289.08pt>
File: Files/exp_plot/DEFA30X0vsX-1_exp.png Graphic file (type png)
<use Files/exp_plot/DEFA30X0vsX-1_exp.png>
Package pdftex.def Info: Files/exp_plot/DEFA30X0vsX-1_exp.png  used on input li
ne 200.
(pdftex.def)             Requested size: 333.97972pt x 222.66286pt.
File: Files/exp_3D/ASR/A30Undamaged.png Graphic file (type png)
<use Files/exp_3D/ASR/A30Undamaged.png>
Package pdftex.def Info: Files/exp_3D/ASR/A30Undamaged.png  used on input line 
210.
(pdftex.def)             Requested size: 166.98985pt x 125.23961pt.
<Files/exp_3D/DEF/A30X-1C_1_3d.png, id=54, 585.97298pt x 439.47974pt>
File: Files/exp_3D/DEF/A30X-1C_1_3d.png Graphic file (type png)
<use Files/exp_3D/DEF/A30X-1C_1_3d.png>
Package pdftex.def Info: Files/exp_3D/DEF/A30X-1C_1_3d.png  used on input line 
216.
(pdftex.def)             Requested size: 166.98985pt x 125.23961pt.
<Files/exp_3D/DEF/A30X-1C_2_3d.png, id=55, 585.97298pt x 439.47974pt>
File: Files/exp_3D/DEF/A30X-1C_2_3d.png Graphic file (type png)
<use Files/exp_3D/DEF/A30X-1C_2_3d.png>
Package pdftex.def Info: Files/exp_3D/DEF/A30X-1C_2_3d.png  used on input line 
222.
(pdftex.def)             Requested size: 166.98985pt x 125.23961pt.
<Files/exp_3D/DEF/A30X-1C_3_3d.png, id=56, 585.97298pt x 439.47974pt>
File: Files/exp_3D/DEF/A30X-1C_3_3d.png Graphic file (type png)
<use Files/exp_3D/DEF/A30X-1C_3_3d.png>
Package pdftex.def Info: Files/exp_3D/DEF/A30X-1C_3_3d.png  used on input line 
228.
(pdftex.def)             Requested size: 166.98985pt x 125.23961pt.
<Files/exp_3D/DEF/A30X-1C_4_3d.png, id=57, 585.97298pt x 439.47974pt>
File: Files/exp_3D/DEF/A30X-1C_4_3d.png Graphic file (type png)
<use Files/exp_3D/DEF/A30X-1C_4_3d.png>
Package pdftex.def Info: Files/exp_3D/DEF/A30X-1C_4_3d.png  used on input line 
234.
(pdftex.def)             Requested size: 166.98985pt x 125.23961pt.
<Files/exp_3D/DEF/A30X-1C_1_3ds.png, id=58, 585.97298pt x 439.47974pt>
File: Files/exp_3D/DEF/A30X-1C_1_3ds.png Graphic file (type png)
<use Files/exp_3D/DEF/A30X-1C_1_3ds.png>
Package pdftex.def Info: Files/exp_3D/DEF/A30X-1C_1_3ds.png  used on input line
 250.
(pdftex.def)             Requested size: 166.98985pt x 125.23961pt.
File: Files/exp_3D/DEF/A30X-1C_1_3ds.png Graphic file (type png)
<use Files/exp_3D/DEF/A30X-1C_1_3ds.png>
Package pdftex.def Info: Files/exp_3D/DEF/A30X-1C_1_3ds.png  used on input line
 256.
(pdftex.def)             Requested size: 166.98985pt x 125.23961pt.
<Files/exp_3D/DEF/A30X-1C_2_3ds.png, id=59, 585.97298pt x 439.47974pt>
File: Files/exp_3D/DEF/A30X-1C_2_3ds.png Graphic file (type png)
<use Files/exp_3D/DEF/A30X-1C_2_3ds.png>
Package pdftex.def Info: Files/exp_3D/DEF/A30X-1C_2_3ds.png  used on input line
 262.
(pdftex.def)             Requested size: 166.98985pt x 125.23961pt.
<Files/exp_3D/DEF/A30X-1C_3_3ds.png, id=60, 585.97298pt x 439.47974pt>
File: Files/exp_3D/DEF/A30X-1C_3_3ds.png Graphic file (type png)
<use Files/exp_3D/DEF/A30X-1C_3_3ds.png>
Package pdftex.def Info: Files/exp_3D/DEF/A30X-1C_3_3ds.png  used on input line
 268.
(pdftex.def)             Requested size: 166.98985pt x 125.23961pt.
<Files/exp_3D/DEF/A30X-1C_4_3ds.png, id=61, 585.97298pt x 439.47974pt>
File: Files/exp_3D/DEF/A30X-1C_4_3ds.png Graphic file (type png)
<use Files/exp_3D/DEF/A30X-1C_4_3ds.png>
Package pdftex.def Info: Files/exp_3D/DEF/A30X-1C_4_3ds.png  used on input line
 274.
(pdftex.def)             Requested size: 166.98985pt x 125.23961pt.

Underfull \hbox (badness 5302) in paragraph at lines 278--278
 []\OT1/cmr/m/sc/10 Figure 8: |\OT1/cmr/m/n/10 3D Sur-face Cracks (Sin-gle Side
 View) Ex-pan-sion In-ten-si-fied 
 []

File: Files/Aggregate/A30.png Graphic file (type png)
<use Files/Aggregate/A30.png>
Package pdftex.def Info: Files/Aggregate/A30.png  used on input line 288.
(pdftex.def)             Requested size: 125.24318pt x 126.51424pt.
<Files/exp_3D/DEF/A30X-1C_1_c.png, id=62, 602.25pt x 451.6875pt>
File: Files/exp_3D/DEF/A30X-1C_1_c.png Graphic file (type png)
<use Files/exp_3D/DEF/A30X-1C_1_c.png>
Package pdftex.def Info: Files/exp_3D/DEF/A30X-1C_1_c.png  used on input line 2
94.
(pdftex.def)             Requested size: 166.98985pt x 125.24483pt.
<Files/exp_3D/DEF/A30X-1C_2_c.png, id=63, 602.25pt x 451.6875pt>
File: Files/exp_3D/DEF/A30X-1C_2_c.png Graphic file (type png)
<use Files/exp_3D/DEF/A30X-1C_2_c.png>
Package pdftex.def Info: Files/exp_3D/DEF/A30X-1C_2_c.png  used on input line 3
00.
(pdftex.def)             Requested size: 166.98985pt x 125.24483pt.
<Files/exp_3D/DEF/A30X-1C_3_c.png, id=64, 602.25pt x 451.6875pt>
File: Files/exp_3D/DEF/A30X-1C_3_c.png Graphic file (type png)
<use Files/exp_3D/DEF/A30X-1C_3_c.png>
Package pdftex.def Info: Files/exp_3D/DEF/A30X-1C_3_c.png  used on input line 3
06.
(pdftex.def)             Requested size: 166.98985pt x 125.24483pt.
<Files/exp_3D/DEF/A30X-1C_4_c.png, id=65, 602.25pt x 451.6875pt>
File: Files/exp_3D/DEF/A30X-1C_4_c.png Graphic file (type png)
<use Files/exp_3D/DEF/A30X-1C_4_c.png>
Package pdftex.def Info: Files/exp_3D/DEF/A30X-1C_4_c.png  used on input line 3
12.
(pdftex.def)             Requested size: 166.98985pt x 125.24483pt.

LaTeX Warning: Reference `fig:ASR_A30X-5C_3D' on page 1 undefined on input line
 322.


LaTeX Warning: Reference `fig:ASR_A30X-1C_3D' on page 1 undefined on input line
 322.

[1


 <./Files/DEF_X/X0_3ds.png> <./Files/DEF_X/X-5_3ds.png> <./Files/DEF_X/X-1_3ds.
png>]
<Files/exp_3D/DEF/A30X0C_3_3d.png, id=77, 585.97298pt x 439.47974pt>
File: Files/exp_3D/DEF/A30X0C_3_3d.png Graphic file (type png)
<use Files/exp_3D/DEF/A30X0C_3_3d.png>
Package pdftex.def Info: Files/exp_3D/DEF/A30X0C_3_3d.png  used on input line 3
31.
(pdftex.def)             Requested size: 112.7181pt x 84.53471pt.
File: Files/exp_3D/DEF/A30X-5C_3_3d.png Graphic file (type png)
<use Files/exp_3D/DEF/A30X-5C_3_3d.png>
Package pdftex.def Info: Files/exp_3D/DEF/A30X-5C_3_3d.png  used on input line 
337.
(pdftex.def)             Requested size: 112.7181pt x 84.53471pt.
File: Files/exp_3D/DEF/A30X-1C_3_3d.png Graphic file (type png)
<use Files/exp_3D/DEF/A30X-1C_3_3d.png>
Package pdftex.def Info: Files/exp_3D/DEF/A30X-1C_3_3d.png  used on input line 
343.
(pdftex.def)             Requested size: 112.7181pt x 84.53471pt.

Underfull \hbox (badness 10000) in paragraph at lines 344--344
 []\OT1/cmr/m/sc/10 (c) |\OT1/cmr/m/n/10 In-ten-si-fied 
 []

<Files/exp_3D/DEF/A30X0C_3_3ds.png, id=78, 585.97298pt x 439.47974pt>
File: Files/exp_3D/DEF/A30X0C_3_3ds.png Graphic file (type png)
<use Files/exp_3D/DEF/A30X0C_3_3ds.png>
Package pdftex.def Info: Files/exp_3D/DEF/A30X0C_3_3ds.png  used on input line 
351.
(pdftex.def)             Requested size: 112.7181pt x 84.53471pt.
File: Files/exp_3D/DEF/A30X-5C_3_3ds.png Graphic file (type png)
<use Files/exp_3D/DEF/A30X-5C_3_3ds.png>
Package pdftex.def Info: Files/exp_3D/DEF/A30X-5C_3_3ds.png  used on input line
 357.
(pdftex.def)             Requested size: 112.7181pt x 84.53471pt.
File: Files/exp_3D/DEF/A30X-1C_3_3ds.png Graphic file (type png)
<use Files/exp_3D/DEF/A30X-1C_3_3ds.png>
Package pdftex.def Info: Files/exp_3D/DEF/A30X-1C_3_3ds.png  used on input line
 363.
(pdftex.def)             Requested size: 112.7181pt x 84.53471pt.

Underfull \hbox (badness 10000) in paragraph at lines 364--364
 []\OT1/cmr/m/sc/10 (f) |\OT1/cmr/m/n/10 In-ten-si-fied 
 []

<Files/exp_3D/DEF/A30X0C_3_stress.png, id=79, 530.98375pt x 530.98375pt>
File: Files/exp_3D/DEF/A30X0C_3_stress.png Graphic file (type png)
<use Files/exp_3D/DEF/A30X0C_3_stress.png>
Package pdftex.def Info: Files/exp_3D/DEF/A30X0C_3_stress.png  used on input li
ne 371.
(pdftex.def)             Requested size: 112.7181pt x 112.71709pt.
<Files/exp_3D/DEF/A30X-5C_3_stress.png, id=80, 530.98375pt x 530.98375pt>
File: Files/exp_3D/DEF/A30X-5C_3_stress.png Graphic file (type png)
<use Files/exp_3D/DEF/A30X-5C_3_stress.png>
Package pdftex.def Info: Files/exp_3D/DEF/A30X-5C_3_stress.png  used on input l
ine 377.
(pdftex.def)             Requested size: 112.7181pt x 112.71709pt.
<Files/exp_3D/DEF/A30X-1C_3_stress.png, id=81, 530.98375pt x 530.98375pt>
File: Files/exp_3D/DEF/A30X-1C_3_stress.png Graphic file (type png)
<use Files/exp_3D/DEF/A30X-1C_3_stress.png>
Package pdftex.def Info: Files/exp_3D/DEF/A30X-1C_3_stress.png  used on input l
ine 383.
(pdftex.def)             Requested size: 112.7181pt x 112.71709pt.

Underfull \hbox (badness 10000) in paragraph at lines 384--384
 []\OT1/cmr/m/sc/10 (i) |\OT1/cmr/m/n/10 In-ten-si-fied 
 []

<Files/exp_3D/DEF/A30X0C_3_c.png, id=82, 602.25pt x 451.6875pt>
File: Files/exp_3D/DEF/A30X0C_3_c.png Graphic file (type png)
<use Files/exp_3D/DEF/A30X0C_3_c.png>
Package pdftex.def Info: Files/exp_3D/DEF/A30X0C_3_c.png  used on input line 39
1.
(pdftex.def)             Requested size: 112.7181pt x 84.53267pt.
File: Files/exp_3D/DEF/A30X-5C_3_c.png Graphic file (type png)
<use Files/exp_3D/DEF/A30X-5C_3_c.png>
Package pdftex.def Info: Files/exp_3D/DEF/A30X-5C_3_c.png  used on input line 3
97.
(pdftex.def)             Requested size: 112.7181pt x 84.53267pt.
File: Files/exp_3D/DEF/A30X-1C_3_c.png Graphic file (type png)
<use Files/exp_3D/DEF/A30X-1C_3_c.png>
Package pdftex.def Info: Files/exp_3D/DEF/A30X-1C_3_c.png  used on input line 4
03.
(pdftex.def)             Requested size: 112.7181pt x 84.53267pt.

Underfull \hbox (badness 10000) in paragraph at lines 404--404
 []\OT1/cmr/m/sc/10 (l) |\OT1/cmr/m/n/10 In-ten-si-fied 
 []

) (./Chapters/Chapter3_ASRvsDEF.tex [2 <./Files/exp_plot/DEFA30X0vsX-5_exp.png>
] [3 <./Files/exp_3D/ASR/A30Undamaged.png> <./Files/exp_3D/DEF/A30X-5C_1_3d.png
> <./Files/exp_3D/DEF/A30X-5C_2_3d.png> <./Files/exp_3D/DEF/A30X-5C_3_3d.png> <
./Files/exp_3D/DEF/A30X-5C_4_3d.png>] [4 <./Files/exp_3D/DEF/A30X-5C_1_3ds.png>
 <./Files/exp_3D/DEF/A30X-5C_2_3ds.png> <./Files/exp_3D/DEF/A30X-5C_3_3ds.png> 
<./Files/exp_3D/DEF/A30X-5C_4_3ds.png>] [5 <./Files/Aggregate/A30.png> <./Files
/exp_3D/DEF/A30X-5C_1_c.png> <./Files/exp_3D/DEF/A30X-5C_2_c.png> <./Files/exp_
3D/DEF/A30X-5C_3_c.png> <./Files/exp_3D/DEF/A30X-5C_4_c.png>] [6 <./Files/exp_p
lot/DEFA30X0vsX-1_exp.png>] [7 <./Files/exp_3D/DEF/A30X-1C_1_3d.png> <./Files/e
xp_3D/DEF/A30X-1C_2_3d.png> <./Files/exp_3D/DEF/A30X-1C_3_3d.png> <./Files/exp_
3D/DEF/A30X-1C_4_3d.png>] [8 <./Files/exp_3D/DEF/A30X-1C_1_3ds.png> <./Files/ex
p_3D/DEF/A30X-1C_2_3ds.png> <./Files/exp_3D/DEF/A30X-1C_3_3ds.png> <./Files/exp
_3D/DEF/A30X-1C_4_3ds.png>] [9 <./Files/exp_3D/DEF/A30X-1C_1_c.png> <./Files/ex
p_3D/DEF/A30X-1C_2_c.png> <./Files/exp_3D/DEF/A30X-1C_3_c.png> <./Files/exp_3D/
DEF/A30X-1C_4_c.png>] [10 <./Files/exp_3D/DEF/A30X0C_3_3d.png> <./Files/exp_3D/
DEF/A30X0C_3_3ds.png> <./Files/exp_3D/DEF/A30X0C_3_stress.png> <./Files/exp_3D/
DEF/A30X-5C_3_stress.png> <./Files/exp_3D/DEF/A30X-1C_3_stress.png> <./Files/ex
p_3D/DEF/A30X0C_3_c.png>]
<Files/Aggregate/A30P75.png, id=141, 585.97298pt x 439.47974pt>
File: Files/Aggregate/A30P75.png Graphic file (type png)
<use Files/Aggregate/A30P75.png>
Package pdftex.def Info: Files/Aggregate/A30P75.png  used on input line 16.
(pdftex.def)             Requested size: 166.98985pt x 125.23961pt.
File: Files/Aggregate/A30.png Graphic file (type png)
<use Files/Aggregate/A30.png>
Package pdftex.def Info: Files/Aggregate/A30.png  used on input line 22.
(pdftex.def)             Requested size: 125.24318pt x 126.51424pt.
 [11

 <./Files/Aggregate/A30P75.png>]
<Files/exp_3D/ASR/A30P75_3_3d.png, id=147, 585.97298pt x 439.47974pt>
File: Files/exp_3D/ASR/A30P75_3_3d.png Graphic file (type png)
<use Files/exp_3D/ASR/A30P75_3_3d.png>
Package pdftex.def Info: Files/exp_3D/ASR/A30P75_3_3d.png  used on input line 3
8.
(pdftex.def)             Requested size: 166.98985pt x 125.23961pt.
File: Files/exp_3D/DEF/A30X-5C_3_3d.png Graphic file (type png)
<use Files/exp_3D/DEF/A30X-5C_3_3d.png>
Package pdftex.def Info: Files/exp_3D/DEF/A30X-5C_3_3d.png  used on input line 
43.
(pdftex.def)             Requested size: 166.98985pt x 125.23961pt.
<Files/exp_3D/ASR/A30P75_3_3ds.png, id=148, 585.97298pt x 439.47974pt>
File: Files/exp_3D/ASR/A30P75_3_3ds.png Graphic file (type png)
<use Files/exp_3D/ASR/A30P75_3_3ds.png>
Package pdftex.def Info: Files/exp_3D/ASR/A30P75_3_3ds.png  used on input line 
49.
(pdftex.def)             Requested size: 166.98985pt x 125.23961pt.
File: Files/exp_3D/DEF/A30X-5C_3_3ds.png Graphic file (type png)
<use Files/exp_3D/DEF/A30X-5C_3_3ds.png>
Package pdftex.def Info: Files/exp_3D/DEF/A30X-5C_3_3ds.png  used on input line
 55.
(pdftex.def)             Requested size: 166.98985pt x 125.23961pt.
<Files/exp_3D/ASR/A30P75_3_c.png, id=149, 602.25pt x 451.6875pt>
File: Files/exp_3D/ASR/A30P75_3_c.png Graphic file (type png)
<use Files/exp_3D/ASR/A30P75_3_c.png>
Package pdftex.def Info: Files/exp_3D/ASR/A30P75_3_c.png  used on input line 62
.
(pdftex.def)             Requested size: 166.98985pt x 125.24483pt.
File: Files/exp_3D/DEF/A30X-5C_3_c.png Graphic file (type png)
<use Files/exp_3D/DEF/A30X-5C_3_c.png>
Package pdftex.def Info: Files/exp_3D/DEF/A30X-5C_3_c.png  used on input line 6
8.
(pdftex.def)             Requested size: 166.98985pt x 125.24483pt.
<Files/exp_3D/ASR/A30P75_3_stress.png, id=151, 530.98375pt x 530.98375pt>
File: Files/exp_3D/ASR/A30P75_3_stress.png Graphic file (type png)
<use Files/exp_3D/ASR/A30P75_3_stress.png>
Package pdftex.def Info: Files/exp_3D/ASR/A30P75_3_stress.png  used on input li
ne 90.
(pdftex.def)             Requested size: 166.98985pt x 166.9934pt.
File: Files/exp_3D/DEF/A30X-5C_3_stress.png Graphic file (type png)
<use Files/exp_3D/DEF/A30X-5C_3_stress.png>
Package pdftex.def Info: Files/exp_3D/DEF/A30X-5C_3_stress.png  used on input l
ine 96.
(pdftex.def)             Requested size: 166.98985pt x 166.9934pt.
 [12

 <./Files/exp_3D/ASR/A30P75_3_3d.png> <./Files/exp_3D/ASR/A30P75_3_3ds.png> <./
Files/exp_3D/ASR/A30P75_3_c.png>]
Overfull \hbox (16.86551pt too wide) in paragraph at lines 106--124
 [][] 
 []

)
Package atveryend Info: Empty hook `BeforeClearDocument' on input line 88.
 [13 <./Files/exp_3D/ASR/A30P75_3_stress.png>]
Package atveryend Info: Empty hook `AfterLastShipout' on input line 88.
 (./LookOneChapter.aux)
Package atveryend Info: Executing hook `AtVeryEndDocument' on input line 88.
Package atveryend Info: Executing hook `AtEndAfterFileList' on input line 88.
Package rerunfilecheck Info: File `LookOneChapter.out' has not changed.
(rerunfilecheck)             Checksum: F0427BA8816395914FF61601D08D5BF3;1733.


LaTeX Warning: There were undefined references.


LaTeX Warning: There were multiply-defined labels.

Package atveryend Info: Empty hook `AtVeryVeryEnd' on input line 88.
 ) 
Here is how much of TeX's memory you used:
 13069 strings out of 492649
 189418 string characters out of 6129623
 276258 words of memory out of 5000000
 16700 multiletter control sequences out of 15000+600000
 11358 words of font info for 42 fonts, out of 8000000 for 9000
 1141 hyphenation exceptions out of 8191
 49i,12n,45p,13119b,503s stack positions out of 5000i,500n,10000p,200000b,80000s
</usr/local/texlive/2018/texmf-dist/fonts/type1/public/amsfonts/cm/cmbx10.pfb
></usr/local/texlive/2018/texmf-dist/fonts/type1/public/amsfonts/cm/cmbx12.pfb>
</usr/local/texlive/2018/texmf-dist/fonts/type1/public/amsfonts/cm/cmcsc10.pfb>
</usr/local/texlive/2018/texmf-dist/fonts/type1/public/amsfonts/cm/cmr10.pfb></
usr/local/texlive/2018/texmf-dist/fonts/type1/public/amsfonts/cm/cmr12.pfb></us
r/local/texlive/2018/texmf-dist/fonts/type1/public/amsfonts/cm/cmr17.pfb></usr/
local/texlive/2018/texmf-dist/fonts/type1/public/amsfonts/cm/cmti10.pfb>
Output written on LookOneChapter.pdf (14 pages, 2202478 bytes).
PDF statistics:
 201 PDF objects out of 1000 (max. 8388607)
 121 compressed objects within 2 object streams
 36 named destinations out of 1000 (max. 500000)
 243 words of extra memory for PDF output out of 10000 (max. 10000000)

