\BOOKMARK [0][-]{dummy.2}{\376\377\000A\000b\000s\000t\000r\000a\000c\000t}{}% 1
\BOOKMARK [0][-]{dummy.3}{\376\377\000A\000c\000k\000n\000o\000w\000l\000e\000d\000g\000e\000m\000e\000n\000t\000s}{}% 2
\BOOKMARK [0][-]{dummy.5}{\376\377\000L\000i\000s\000t\000\040\000o\000f\000\040\000F\000i\000g\000u\000r\000e\000s}{}% 3
\BOOKMARK [0][-]{dummy.7}{\376\377\000L\000i\000s\000t\000\040\000o\000f\000\040\000T\000a\000b\000l\000e\000s}{}% 4
\BOOKMARK [0][-]{dummy.9}{\376\377\000A\000b\000b\000r\000e\000v\000i\000a\000t\000i\000o\000n\000s}{}% 5
\BOOKMARK [0][-]{dummy.12}{\376\377\000P\000h\000y\000s\000i\000c\000a\000l\000\040\000C\000o\000n\000s\000t\000a\000n\000t\000s}{}% 6
\BOOKMARK [0][-]{dummy.15}{\376\377\000S\000y\000m\000b\000o\000l\000s}{}% 7
\BOOKMARK [0][-]{chapter.18}{\376\377\0001\000\040\000I\000n\000t\000r\000o\000d\000u\000c\000t\000i\000o\000n}{}% 8
\BOOKMARK [1][-]{section.19}{\376\377\0001\000.\0001\000\040\000B\000a\000c\000k\000g\000r\000o\000u\000n\000d\000\040\000a\000n\000d\000\040\000P\000u\000r\000p\000o\000s\000e\000\040\000o\000f\000\040\000R\000e\000s\000e\000a\000r\000c\000h}{chapter.18}% 9
\BOOKMARK [1][-]{section.23}{\376\377\0001\000.\0002\000\040\000L\000i\000t\000e\000r\000a\000t\000u\000r\000e\000\040\000R\000e\000v\000i\000e\000w}{chapter.18}% 10
\BOOKMARK [1][-]{section.32}{\376\377\0001\000.\0003\000\040\000R\000e\000s\000e\000a\000r\000c\000h\000\040\000O\000b\000j\000e\000c\000t\000i\000v\000e}{chapter.18}% 11
\BOOKMARK [1][-]{section.33}{\376\377\0001\000.\0004\000\040\000O\000r\000g\000a\000n\000i\000z\000a\000t\000i\000o\000n\000\040\000o\000f\000\040\000C\000o\000n\000t\000e\000n\000t\000s}{chapter.18}% 12
\BOOKMARK [0][-]{chapter.34}{\376\377\0002\000\040\000M\000e\000t\000h\000o\000d\000\040\000o\000f\000\040\000S\000i\000m\000u\000l\000a\000t\000i\000o\000n\000\040\000M\000o\000d\000e\000l\000s}{}% 13
\BOOKMARK [1][-]{section.35}{\376\377\0002\000.\0001\000\040\000R\000i\000g\000i\000d\000\040\000B\000o\000d\000y\000\040\000S\000p\000r\000i\000n\000g\000\040\000M\000o\000d\000e\000l\000\040\000\050\000R\000B\000S\000M\000\051}{chapter.34}% 14
\BOOKMARK [1][-]{section.47}{\376\377\0002\000.\0002\000\040\000C\000o\000n\000s\000t\000i\000t\000u\000t\000i\000v\000e\000\040\000M\000o\000d\000e\000l}{chapter.34}% 15
\BOOKMARK [2][-]{subsection.48}{\376\377\0002\000.\0002\000.\0001\000\040\000M\000o\000r\000t\000a\000r\000\040\000M\000o\000d\000e\000l}{section.47}% 16
\BOOKMARK [2][-]{subsection.51}{\376\377\0002\000.\0002\000.\0002\000\040\000A\000g\000g\000r\000e\000g\000a\000t\000e\000\040\000M\000o\000d\000e\000l}{section.47}% 17
\BOOKMARK [2][-]{subsection.52}{\376\377\0002\000.\0002\000.\0003\000\040\000E\000x\000p\000a\000n\000s\000i\000o\000n\000\040\000M\000o\000d\000e\000l}{section.47}% 18
\BOOKMARK [3][-]{subsubsection.53}{\376\377\0002\000.\0002\000.\0003\000.\0001\000\040\000A\000S\000R\000\040\000E\000x\000p\000a\000n\000s\000i\000o\000n\000\040\000B\000e\000h\000a\000v\000i\000o\000r\000\040\000I\000n\000\040\000S\000i\000m\000u\000l\000a\000t\000i\000o\000n}{subsection.52}% 19
\BOOKMARK [3][-]{subsubsection.54}{\376\377\0002\000.\0002\000.\0003\000.\0002\000\040\000D\000E\000F\000\040\000E\000x\000p\000a\000n\000s\000i\000o\000n\000\040\000B\000e\000h\000a\000v\000i\000o\000r\000\040\000I\000n\000\040\000S\000i\000m\000u\000l\000a\000t\000i\000o\000n}{subsection.52}% 20
\BOOKMARK [2][-]{subsection.55}{\376\377\0002\000.\0002\000.\0004\000\040\000C\000o\000n\000c\000l\000u\000s\000i\000o\000n\000s}{section.47}% 21
\BOOKMARK [1][-]{section.56}{\376\377\0002\000.\0003\000\040\000D\000e\000t\000a\000i\000l\000s\000\040\000o\000f\000\040\000N\000u\000m\000e\000r\000i\000c\000a\000l\000\040\000M\000o\000d\000e\000l\000s\000\040\000f\000o\000r\000\040\000A\000S\000R\000\040\000S\000i\000m\000u\000l\000a\000t\000i\000o\000n}{chapter.34}% 22
\BOOKMARK [2][-]{subsection.57}{\376\377\0002\000.\0003\000.\0001\000\040\000G\000e\000o\000m\000e\000t\000r\000y\000\040\000o\000f\000\040\000N\000u\000m\000e\000r\000i\000c\000a\000l\000\040\000M\000o\000d\000e\000l\000s}{section.56}% 23
\BOOKMARK [2][-]{subsection.58}{\376\377\0002\000.\0003\000.\0002\000\040\000C\000o\000a\000r\000s\000e\000\040\000A\000g\000g\000r\000e\000g\000a\000t\000e\000\040\000o\000f\000\040\000N\000u\000m\000e\000r\000i\000c\000a\000l\000\040\000M\000o\000d\000e\000l\000s}{section.56}% 24
\BOOKMARK [2][-]{subsection.60}{\376\377\0002\000.\0003\000.\0003\000\040\000A\000S\000R\000\040\000R\000e\000a\000c\000t\000i\000v\000e\000\040\000C\000o\000a\000r\000s\000e\000\040\000A\000g\000g\000r\000e\000g\000a\000t\000e\000\040\000R\000a\000t\000i\000o}{section.56}% 25
\BOOKMARK [2][-]{subsection.62}{\376\377\0002\000.\0003\000.\0004\000\040\000B\000o\000u\000n\000d\000a\000r\000y\000\040\000C\000o\000n\000d\000i\000t\000i\000o\000n\000s}{section.56}% 26
\BOOKMARK [3][-]{subsubsection.63}{\376\377\0002\000.\0003\000.\0004\000.\0001\000\040\000B\000o\000u\000n\000d\000a\000r\000y\000\040\000C\000o\000n\000d\000i\000t\000i\000o\000n\000\040\000D\000u\000r\000i\000n\000g\000\040\000A\000S\000R\000\040\000E\000x\000p\000a\000n\000s\000i\000o\000n}{subsection.62}% 27
\BOOKMARK [3][-]{subsubsection.64}{\376\377\0002\000.\0003\000.\0004\000.\0002\000\040\000B\000o\000u\000n\000d\000a\000r\000y\000\040\000C\000o\000n\000d\000i\000t\000i\000o\000n\000s\000\040\000D\000u\000r\000i\000n\000g\000\040\000U\000n\000i\000-\000a\000x\000i\000a\000l\000\040\000L\000o\000a\000d\000i\000n\000g\000\040\000T\000e\000s\000t}{subsection.62}% 28
\BOOKMARK [2][-]{subsection.65}{\376\377\0002\000.\0003\000.\0005\000\040\000I\000n\000i\000t\000i\000a\000l\000\040\000S\000t\000r\000a\000i\000n\000\040\000G\000i\000v\000e\000n\000\040\000F\000o\000r\000\040\000A\000S\000R\000\040\000E\000x\000p\000a\000n\000s\000i\000o\000n}{section.56}% 29
\BOOKMARK [1][-]{section.67}{\376\377\0002\000.\0004\000\040\000D\000e\000t\000a\000i\000l\000s\000\040\000o\000f\000\040\000N\000u\000m\000e\000r\000i\000c\000a\000l\000\040\000M\000o\000d\000e\000l\000s\000\040\000f\000o\000r\000\040\000D\000E\000F\000\040\000S\000i\000m\000u\000l\000a\000t\000i\000o\000n}{chapter.34}% 30
\BOOKMARK [2][-]{subsection.68}{\376\377\0002\000.\0004\000.\0001\000\040\000I\000n\000t\000r\000o\000d\000u\000c\000t\000i\000o\000n}{section.67}% 31
\BOOKMARK [2][-]{subsection.69}{\376\377\0002\000.\0004\000.\0002\000\040\000G\000e\000o\000m\000e\000t\000r\000y\000\040\000o\000f\000\040\000N\000u\000m\000e\000r\000i\000c\000a\000l\000\040\000M\000o\000d\000e\000l\000s}{section.67}% 32
\BOOKMARK [2][-]{subsection.70}{\376\377\0002\000.\0004\000.\0003\000\040\000C\000o\000a\000r\000s\000e\000\040\000A\000g\000g\000r\000e\000g\000a\000t\000e\000\040\000o\000f\000\040\000N\000u\000m\000e\000r\000i\000c\000a\000l\000\040\000M\000o\000d\000e\000l\000s}{section.67}% 33
\BOOKMARK [2][-]{subsection.71}{\376\377\0002\000.\0004\000.\0004\000\040\000D\000E\000F\000\040\000I\000n\000t\000e\000n\000s\000i\000f\000i\000e\000d\000\040\000E\000x\000p\000a\000n\000s\000i\000o\000n\000\040\000A\000r\000e\000a\000\040\000o\000f\000\040\000N\000u\000m\000e\000r\000i\000c\000a\000l\000\040\000M\000o\000d\000e\000l\000s}{section.67}% 34
\BOOKMARK [2][-]{subsection.74}{\376\377\0002\000.\0004\000.\0005\000\040\000B\000o\000u\000n\000d\000a\000r\000y\000\040\000C\000o\000n\000d\000i\000t\000i\000o\000n\000s}{section.67}% 35
\BOOKMARK [3][-]{subsubsection.75}{\376\377\0002\000.\0004\000.\0005\000.\0001\000\040\000B\000o\000u\000n\000d\000a\000r\000y\000\040\000C\000o\000n\000d\000i\000t\000i\000o\000n\000\040\000D\000u\000r\000i\000n\000g\000\040\000D\000E\000F\000\040\000E\000x\000p\000a\000n\000s\000i\000o\000n}{subsection.74}% 36
\BOOKMARK [3][-]{subsubsection.76}{\376\377\0002\000.\0004\000.\0005\000.\0002\000\040\000B\000o\000u\000n\000d\000a\000r\000y\000\040\000C\000o\000n\000d\000i\000t\000i\000o\000n\000s\000\040\000D\000u\000r\000i\000n\000g\000\040\000U\000n\000i\000-\000a\000x\000i\000a\000l\000\040\000L\000o\000a\000d\000i\000n\000g\000\040\000T\000e\000s\000t}{subsection.74}% 37
\BOOKMARK [0][-]{chapter.77}{\376\377\0003\000\040\000S\000i\000m\000u\000l\000a\000t\000i\000o\000n\000\040\000o\000f\000\040\000C\000r\000a\000c\000k\000i\000n\000g\000\040\000P\000a\000t\000t\000e\000r\000n\000\040\000O\000f\000\040\000A\000S\000R\000\040\000a\000n\000d\000\040\000D\000E\000F\000\040\000E\000x\000p\000a\000n\000d\000e\000d\000\040\000C\000o\000n\000c\000r\000e\000t\000e}{}% 38
\BOOKMARK [1][-]{section.78}{\376\377\0003\000.\0001\000\040\000G\000e\000n\000e\000r\000a\000l}{chapter.77}% 39
\BOOKMARK [1][-]{section.79}{\376\377\0003\000.\0002\000\040\000C\000r\000a\000c\000k\000i\000n\000g\000\040\000P\000a\000t\000t\000e\000r\000n\000\040\000c\000a\000u\000s\000e\000d\000\040\000b\000y\000\040\000P\000u\000r\000e\000\040\000A\000S\000R\000\040\000E\000x\000p\000a\000n\000s\000i\000o\000n}{chapter.77}% 40
\BOOKMARK [2][-]{subsection.80}{\376\377\0003\000.\0002\000.\0001\000\040\000S\000i\000n\000g\000l\000e\000\040\000A\000S\000R\000\040\000E\000x\000p\000a\000n\000s\000i\000o\000n\000\040\000S\000i\000m\000u\000l\000a\000t\000i\000o\000n}{section.79}% 41
\BOOKMARK [2][-]{subsection.88}{\376\377\0003\000.\0002\000.\0002\000\040\000E\000x\000p\000a\000n\000s\000i\000o\000n\000\040\000R\000a\000t\000i\000o\000\040\000R\000e\000l\000a\000t\000e\000d\000\040\000t\000o\000\040\000B\000e\000h\000a\000v\000i\000o\000r\000\040\000o\000f\000\040\000C\000o\000n\000c\000r\000e\000t\000e\000\040\000D\000u\000r\000i\000n\000g\000\040\000A\000S\000R\000\040\000E\000x\000p\000a\000n\000s\000i\000o\000n}{section.79}% 42
\BOOKMARK [2][-]{subsection.95}{\376\377\0003\000.\0002\000.\0003\000\040\000A\000g\000g\000r\000e\000g\000a\000t\000e\000\040\000R\000a\000t\000i\000o\000\040\000R\000e\000l\000a\000t\000e\000d\000\040\000t\000o\000\040\000B\000e\000h\000a\000v\000i\000o\000r\000\040\000o\000f\000\040\000C\000o\000n\000c\000r\000e\000t\000e\000\040\000D\000u\000r\000i\000n\000g\000\040\000A\000S\000R\000\040\000E\000x\000p\000a\000n\000s\000i\000o\000n}{section.79}% 43
\BOOKMARK [2][-]{subsection.104}{\376\377\0003\000.\0002\000.\0004\000\040\000R\000e\000a\000c\000t\000i\000v\000e\000\040\000A\000g\000g\000r\000e\000g\000a\000t\000e\000\040\000R\000a\000t\000i\000o\000\040\000R\000e\000l\000a\000t\000e\000d\000\040\000t\000o\000\040\000B\000e\000h\000a\000v\000i\000o\000r\000\040\000o\000f\000\040\000C\000o\000n\000c\000r\000e\000t\000e\000\040\000D\000u\000r\000i\000n\000g\000\040\000A\000S\000R\000\040\000E\000x\000p\000a\000n\000s\000i\000o\000n}{section.79}% 44
\BOOKMARK [1][-]{section.113}{\376\377\0003\000.\0003\000\040\000C\000r\000a\000c\000k\000i\000n\000g\000\040\000P\000a\000t\000t\000e\000r\000n\000\040\000c\000a\000u\000s\000e\000d\000\040\000b\000y\000\040\000P\000u\000r\000e\000\040\000D\000E\000F\000\040\000E\000x\000p\000a\000n\000s\000i\000o\000n}{chapter.77}% 45
\BOOKMARK [2][-]{subsection.114}{\376\377\0003\000.\0003\000.\0001\000\040\000S\000i\000n\000g\000l\000e\000\040\000D\000E\000F\000\040\000E\000x\000p\000a\000n\000s\000i\000o\000n\000\040\000S\000i\000m\000u\000l\000a\000t\000i\000o\000n}{section.113}% 46
\BOOKMARK [2][-]{subsection.124}{\376\377\0003\000.\0003\000.\0002\000\040\000E\000x\000p\000a\000n\000s\000i\000o\000n\000\040\000R\000a\000t\000i\000o\000\040\000R\000e\000l\000a\000t\000e\000d\000\040\000t\000o\000\040\000B\000e\000h\000a\000v\000i\000o\000r\000\040\000o\000f\000\040\000C\000o\000n\000c\000r\000e\000t\000e\000\040\000D\000u\000r\000i\000n\000g\000\040\000D\000E\000F\000\040\000E\000x\000p\000a\000n\000s\000i\000o\000n}{section.113}% 47
\BOOKMARK [2][-]{subsection.132}{\376\377\0003\000.\0003\000.\0003\000\040\000A\000g\000g\000r\000e\000g\000a\000t\000e\000\040\000R\000a\000t\000i\000o\000\040\000R\000e\000l\000a\000t\000e\000d\000\040\000t\000o\000\040\000B\000e\000h\000a\000v\000i\000o\000r\000\040\000o\000f\000\040\000C\000o\000n\000c\000r\000e\000t\000e\000\040\000D\000u\000r\000i\000n\000g\000\040\000D\000E\000F\000\040\000E\000x\000p\000a\000n\000s\000i\000o\000n}{section.113}% 48
\BOOKMARK [2][-]{subsection.141}{\376\377\0003\000.\0003\000.\0004\000\040\000E\000x\000p\000a\000n\000s\000i\000o\000n\000\040\000I\000n\000t\000e\000n\000s\000i\000f\000i\000e\000d\000\040\000P\000a\000r\000t\000\040\000R\000a\000n\000g\000e\000\040\000R\000e\000l\000a\000t\000e\000d\000\040\000t\000o\000\040\000B\000e\000h\000a\000v\000i\000o\000r\000\040\000o\000f\000\040\000C\000o\000n\000c\000r\000e\000t\000e\000\040\000D\000u\000r\000i\000n\000g\000\040\000D\000E\000F\000\040\000E\000x\000p\000a\000n\000s\000i\000o\000n}{section.113}% 49
\BOOKMARK [3][-]{subsubsection.143}{\376\377\0003\000.\0003\000.\0004\000.\0001\000\040\000E\000x\000p\000a\000n\000s\000i\000o\000n\000\040\000I\000n\000t\000e\000n\000s\000i\000f\000i\000e\000d\000\040\0007\0005\000x\0007\0005\000x\0007\0005\000m\000m\000\040\000a\000t\000\040\000C\000e\000n\000t\000e\000r\000\040\000o\000f\000\040\000M\000o\000d\000e\000l}{subsection.141}% 50
\BOOKMARK [3][-]{subsubsection.149}{\376\377\0003\000.\0003\000.\0004\000.\0002\000\040\000E\000x\000p\000a\000n\000s\000i\000o\000n\000\040\000I\000n\000t\000e\000n\000s\000i\000f\000i\000e\000d\000\040\0001\0000\0000\000x\0001\0000\0000\000X\0001\0000\0000\000m\000m\000\040\000a\000t\000\040\000C\000e\000n\000t\000e\000r\000\040\000o\000f\000\040\000M\000o\000d\000e\000l}{subsection.141}% 51
\BOOKMARK [1][-]{section.156}{\376\377\0003\000.\0004\000\040\000C\000o\000m\000p\000a\000r\000i\000n\000g\000\040\000B\000e\000t\000w\000e\000e\000n\000\040\000A\000S\000R\000\040\000E\000x\000p\000a\000n\000s\000i\000o\000n\000\040\000a\000n\000d\000\040\000D\000E\000F\000\040\000E\000x\000p\000a\000n\000s\000i\000o\000n\000\040\000S\000i\000m\000u\000l\000a\000t\000i\000o\000n\000\040\000R\000e\000s\000u\000l\000t}{chapter.77}% 52
\BOOKMARK [0][-]{chapter.161}{\376\377\0004\000\040\000S\000i\000m\000u\000l\000a\000t\000i\000o\000n\000\040\000o\000f\000\040\000R\000e\000s\000i\000d\000u\000a\000l\000\040\000M\000e\000c\000h\000a\000n\000i\000c\000a\000l\000\040\000C\000a\000p\000a\000b\000i\000l\000i\000t\000i\000e\000s\000\040\000O\000f\000\040\000A\000S\000R\000\040\000a\000n\000d\000\040\000D\000E\000F\000\040\000E\000x\000p\000a\000n\000d\000e\000d\000\040\000C\000o\000n\000c\000r\000e\000t\000e}{}% 53
\BOOKMARK [1][-]{section.162}{\376\377\0004\000.\0001\000\040\000G\000e\000n\000e\000r\000a\000l}{chapter.161}% 54
\BOOKMARK [2][-]{subsection.166}{\376\377\0004\000.\0001\000.\0001\000\040\000O\000v\000e\000r\000v\000i\000e\000w\000\040\000o\000f\000\040\000E\000x\000p\000e\000r\000i\000m\000e\000n\000t\000a\000l\000\040\000R\000e\000s\000u\000l\000t\000s\000\040\000o\000f\000\040\000R\000e\000s\000i\000d\000u\000a\000l\000\040\000M\000e\000c\000h\000a\000n\000i\000c\000a\000l\000\040\000P\000r\000o\000p\000e\000r\000t\000i\000e\000s\000\040\000A\000f\000t\000e\000r\000\040\000A\000S\000R\000\040\000E\000x\000p\000a\000n\000s\000i\000o\000n}{section.162}% 55
\BOOKMARK [2][-]{subsection.167}{\376\377\0004\000.\0001\000.\0002\000\040\000O\000v\000e\000r\000v\000i\000e\000w\000\040\000o\000f\000\040\000E\000x\000p\000e\000r\000i\000m\000e\000n\000t\000a\000l\000\040\000R\000e\000s\000u\000l\000t\000s\000\040\000o\000f\000\040\000R\000e\000s\000i\000d\000u\000a\000l\000\040\000M\000e\000c\000h\000a\000n\000i\000c\000a\000l\000\040\000P\000r\000o\000p\000e\000r\000t\000i\000e\000s\000\040\000A\000f\000t\000e\000r\000\040\000D\000E\000F\000\040\000E\000x\000p\000a\000n\000s\000i\000o\000n}{section.162}% 56
\BOOKMARK [1][-]{section.168}{\376\377\0004\000.\0002\000\040\000R\000e\000s\000i\000d\000u\000a\000l\000\040\000C\000a\000p\000a\000b\000i\000l\000i\000t\000i\000e\000s\000\040\000a\000f\000t\000e\000r\000\040\000P\000u\000r\000e\000\040\000A\000S\000R\000\040\000E\000x\000p\000a\000n\000s\000i\000o\000n}{chapter.161}% 57
\BOOKMARK [1][-]{section.177}{\376\377\0004\000.\0003\000\040\000R\000e\000s\000i\000d\000u\000a\000l\000\040\000C\000a\000p\000a\000b\000i\000l\000i\000t\000i\000e\000s\000\040\000a\000f\000t\000e\000r\000\040\000P\000u\000r\000e\000\040\000D\000E\000F\000\040\000E\000x\000p\000a\000n\000s\000i\000o\000n}{chapter.161}% 58
\BOOKMARK [2][-]{subsection.182}{\376\377\0004\000.\0003\000.\0001\000\040\000R\000e\000s\000u\000l\000t\000\040\000A\000n\000d\000\040\000D\000i\000s\000c\000u\000s\000s\000i\000o\000n}{section.177}% 59
\BOOKMARK [1][-]{section.187}{\376\377\0004\000.\0004\000\040\000R\000e\000s\000i\000d\000u\000a\000l\000\040\000C\000a\000p\000a\000b\000i\000l\000i\000t\000i\000e\000s\000\040\000a\000f\000t\000e\000r\000\040\000C\000o\000m\000b\000i\000n\000a\000t\000i\000o\000n\000\040\000o\000f\000\040\000A\000S\000R\000\040\000a\000n\000d\000\040\000D\000E\000F\000\040\000E\000x\000p\000a\000n\000s\000i\000o\000n}{chapter.161}% 60
\BOOKMARK [1][-]{section.188}{\376\377\0004\000.\0005\000\040\000C\000o\000n\000c\000l\000u\000s\000i\000o\000n}{chapter.161}% 61
\BOOKMARK [0][-]{chapter.189}{\376\377\0005\000\040\000S\000u\000m\000m\000a\000r\000y\000\040\000a\000n\000d\000\040\000C\000o\000n\000c\000l\000u\000s\000i\000o\000n\000s}{}% 62
\BOOKMARK [0][-]{appendix.190}{\376\377\000A\000\040\000A\000S\000R\000-\000A\0003\0000\000-\000P\0002\0005}{}% 63
\BOOKMARK [0][-]{appendix.196}{\376\377\000B\000\040\000A\000S\000R\000-\000A\0003\0000\000-\000P\0007\0005}{}% 64
\BOOKMARK [0][-]{appendix.203}{\376\377\000C\000\040\000A\000S\000R\000-\000A\0001\0005\000-\000P\0007\0005}{}% 65
\BOOKMARK [0][-]{appendix.208}{\376\377\000D\000\040\000D\000E\000F\000-\000A\0003\0000\000-\000X\000-\0001\000C}{}% 66
\BOOKMARK [0][-]{appendix.214}{\376\377\000E\000\040\000D\000E\000F\000-\000A\0003\0000\000-\000X\000-\0005\000C}{}% 67
\BOOKMARK [0][-]{appendix.220}{\376\377\000F\000\040\000D\000E\000F\000-\000A\0003\0000\000-\000X\0000\000C}{}% 68
\BOOKMARK [0][-]{appendix.226}{\376\377\000G\000\040\000D\000E\000F\000-\000A\0003\0000\000-\000X\0000\000D}{}% 69
\BOOKMARK [0][-]{appendix.232}{\376\377\000H\000\040\000D\000E\000F\000-\000A\0001\0005\000-\000X\0000\000C}{}% 70
